<?xml version="1.0" encoding="UTF-8"?>
<testng-results ignored="0" total="4" passed="4" failed="0" skipped="0">
  <reporter-output>
  </reporter-output>
  <suite started-at="2024-07-08T20:57:52 IST" name="Default suite" finished-at="2024-07-08T20:58:34 IST" duration-ms="41943">
    <groups>
    </groups>
    <test started-at="2024-07-08T20:57:52 IST" name="Default test" finished-at="2024-07-08T20:58:34 IST" duration-ms="41943">
      <class name="SeleniumIntro.SeleniumIntro.FBDataDriven">
        <test-method signature="createAccount(java.lang.String,java.lang.String)[pri:0, instance:SeleniumIntro.SeleniumIntro.FBDataDriven@1af2d44a]" started-at="2024-07-08T20:57:52 IST" name="createAccount" data-provider="datapro2" finished-at="2024-07-08T20:58:05 IST" duration-ms="12668" status="PASS">
          <params>
            <param index="0">
              <value>
                <![CDATA[Priya]]>
              </value>
            </param>
            <param index="1">
              <value>
                <![CDATA[Sinha]]>
              </value>
            </param>
          </params>
          <reporter-output>
          </reporter-output>
        </test-method> <!-- createAccount -->
        <test-method signature="createAccount(java.lang.String,java.lang.String)[pri:0, instance:SeleniumIntro.SeleniumIntro.FBDataDriven@1af2d44a]" started-at="2024-07-08T20:58:05 IST" name="createAccount" data-provider="datapro2" finished-at="2024-07-08T20:58:14 IST" duration-ms="9609" status="PASS">
          <params>
            <param index="0">
              <value>
                <![CDATA[Alisha]]>
              </value>
            </param>
            <param index="1">
              <value>
                <![CDATA[Hong]]>
              </value>
            </param>
          </params>
          <reporter-output>
          </reporter-output>
        </test-method> <!-- createAccount -->
        <test-method signature="createAccount(java.lang.String,java.lang.String)[pri:0, instance:SeleniumIntro.SeleniumIntro.FBDataDriven@1af2d44a]" started-at="2024-07-08T20:58:14 IST" name="createAccount" data-provider="datapro2" finished-at="2024-07-08T20:58:24 IST" duration-ms="10025" status="PASS">
          <params>
            <param index="0">
              <value>
                <![CDATA[Richa]]>
              </value>
            </param>
            <param index="1">
              <value>
                <![CDATA[Agarwal]]>
              </value>
            </param>
          </params>
          <reporter-output>
          </reporter-output>
        </test-method> <!-- createAccount -->
        <test-method signature="createAccount(java.lang.String,java.lang.String)[pri:0, instance:SeleniumIntro.SeleniumIntro.FBDataDriven@1af2d44a]" started-at="2024-07-08T20:58:24 IST" name="createAccount" data-provider="datapro2" finished-at="2024-07-08T20:58:34 IST" duration-ms="9477" status="PASS">
          <params>
            <param index="0">
              <value>
                <![CDATA[Sumita]]>
              </value>
            </param>
            <param index="1">
              <value>
                <![CDATA[Modi]]>
              </value>
            </param>
          </params>
          <reporter-output>
          </reporter-output>
        </test-method> <!-- createAccount -->
      </class> <!-- SeleniumIntro.SeleniumIntro.FBDataDriven -->
    </test> <!-- Default test -->
  </suite> <!-- Default suite -->
</testng-results>
