<?xml version="1.0" encoding="UTF-8"?>
<!-- Generated by org.testng.reporters.JUnitXMLReporter -->
<testsuite ignored="0" hostname="Priya" failures="0" tests="4" name="Default test" time="41.943" errors="0" timestamp="2024-07-08T20:58:34 IST">
  <testcase classname="SeleniumIntro.SeleniumIntro.FBDataDriven" name="createAccount" time="12.668"/>
  <testcase classname="SeleniumIntro.SeleniumIntro.FBDataDriven" name="createAccount" time="9.609"/>
  <testcase classname="SeleniumIntro.SeleniumIntro.FBDataDriven" name="createAccount" time="10.025"/>
  <testcase classname="SeleniumIntro.SeleniumIntro.FBDataDriven" name="createAccount" time="9.477"/>
</testsuite> <!-- Default test -->
